Determining if the pthread_create exist failed with the following output:
Change Dir: /home/skloe/catkin_ws4/src/dp_core/src/testosqp/build/CMakeFiles/CMakeTmp

Run Build Command:"/usr/bin/make" "cmTC_29bce/fast"
/usr/bin/make -f CMakeFiles/cmTC_29bce.dir/build.make CMakeFiles/cmTC_29bce.dir/build
make[1]: Entering directory '/home/skloe/catkin_ws4/src/dp_core/src/testosqp/build/CMakeFiles/CMakeTmp'
Building C object CMakeFiles/cmTC_29bce.dir/CheckSymbolExists.c.o
/usr/bin/cc    -o CMakeFiles/cmTC_29bce.dir/CheckSymbolExists.c.o   -c /home/skloe/catkin_ws4/src/dp_core/src/testosqp/build/CMakeFiles/CMakeTmp/CheckSymbolExists.c
Linking C executable cmTC_29bce
/usr/bin/cmake -E cmake_link_script CMakeFiles/cmTC_29bce.dir/link.txt --verbose=1
/usr/bin/cc      CMakeFiles/cmTC_29bce.dir/CheckSymbolExists.c.o  -o cmTC_29bce 
CMakeFiles/cmTC_29bce.dir/CheckSymbolExists.c.o: In function `main':
CheckSymbolExists.c:(.text+0x1b): undefined reference to `pthread_create'
collect2: error: ld returned 1 exit status
CMakeFiles/cmTC_29bce.dir/build.make:97: recipe for target 'cmTC_29bce' failed
make[1]: *** [cmTC_29bce] Error 1
make[1]: Leaving directory '/home/skloe/catkin_ws4/src/dp_core/src/testosqp/build/CMakeFiles/CMakeTmp'
Makefile:126: recipe for target 'cmTC_29bce/fast' failed
make: *** [cmTC_29bce/fast] Error 2

File /home/skloe/catkin_ws4/src/dp_core/src/testosqp/build/CMakeFiles/CMakeTmp/CheckSymbolExists.c:
/* */
#include <pthread.h>

int main(int argc, char** argv)
{
  (void)argv;
#ifndef pthread_create
  return ((int*)(&pthread_create))[argc];
#else
  (void)argc;
  return 0;
#endif
}

Determining if the function pthread_create exists in the pthreads failed with the following output:
Change Dir: /home/skloe/catkin_ws4/src/dp_core/src/testosqp/build/CMakeFiles/CMakeTmp

Run Build Command:"/usr/bin/make" "cmTC_46c2d/fast"
/usr/bin/make -f CMakeFiles/cmTC_46c2d.dir/build.make CMakeFiles/cmTC_46c2d.dir/build
make[1]: Entering directory '/home/skloe/catkin_ws4/src/dp_core/src/testosqp/build/CMakeFiles/CMakeTmp'
Building C object CMakeFiles/cmTC_46c2d.dir/CheckFunctionExists.c.o
/usr/bin/cc   -DCHECK_FUNCTION_EXISTS=pthread_create   -o CMakeFiles/cmTC_46c2d.dir/CheckFunctionExists.c.o   -c /usr/share/cmake-3.10/Modules/CheckFunctionExists.c
Linking C executable cmTC_46c2d
/usr/bin/cmake -E cmake_link_script CMakeFiles/cmTC_46c2d.dir/link.txt --verbose=1
/usr/bin/cc  -DCHECK_FUNCTION_EXISTS=pthread_create    CMakeFiles/cmTC_46c2d.dir/CheckFunctionExists.c.o  -o cmTC_46c2d -lpthreads 
/usr/bin/ld: cannot find -lpthreads
collect2: error: ld returned 1 exit status
CMakeFiles/cmTC_46c2d.dir/build.make:97: recipe for target 'cmTC_46c2d' failed
make[1]: *** [cmTC_46c2d] Error 1
make[1]: Leaving directory '/home/skloe/catkin_ws4/src/dp_core/src/testosqp/build/CMakeFiles/CMakeTmp'
Makefile:126: recipe for target 'cmTC_46c2d/fast' failed
make: *** [cmTC_46c2d/fast] Error 2


